0 info it worked if it ends with ok
1 verbose cli [ '/usr/bin/nodejs',
1 verbose cli   '/usr/bin/npm',
1 verbose cli   'install',
1 verbose cli   '-g',
1 verbose cli   'bower',
1 verbose cli   'bower',
1 verbose cli   'install',
1 verbose cli   'jqcloud2' ]
2 info using npm@1.3.10
3 info using node@v0.10.25
4 verbose cache add [ 'bower', null ]
5 verbose cache add name=undefined spec="bower" args=["bower",null]
6 verbose parsed url { protocol: null,
6 verbose parsed url   slashes: null,
6 verbose parsed url   auth: null,
6 verbose parsed url   host: null,
6 verbose parsed url   port: null,
6 verbose parsed url   hostname: null,
6 verbose parsed url   hash: null,
6 verbose parsed url   search: null,
6 verbose parsed url   query: null,
6 verbose parsed url   pathname: 'bower',
6 verbose parsed url   path: 'bower',
6 verbose parsed url   href: 'bower' }
7 verbose cache add [ 'bower', null ]
8 verbose cache add name=undefined spec="bower" args=["bower",null]
9 verbose parsed url { protocol: null,
9 verbose parsed url   slashes: null,
9 verbose parsed url   auth: null,
9 verbose parsed url   host: null,
9 verbose parsed url   port: null,
9 verbose parsed url   hostname: null,
9 verbose parsed url   hash: null,
9 verbose parsed url   search: null,
9 verbose parsed url   query: null,
9 verbose parsed url   pathname: 'bower',
9 verbose parsed url   path: 'bower',
9 verbose parsed url   href: 'bower' }
10 verbose cache add [ 'install', null ]
11 verbose cache add name=undefined spec="install" args=["install",null]
12 verbose parsed url { protocol: null,
12 verbose parsed url   slashes: null,
12 verbose parsed url   auth: null,
12 verbose parsed url   host: null,
12 verbose parsed url   port: null,
12 verbose parsed url   hostname: null,
12 verbose parsed url   hash: null,
12 verbose parsed url   search: null,
12 verbose parsed url   query: null,
12 verbose parsed url   pathname: 'install',
12 verbose parsed url   path: 'install',
12 verbose parsed url   href: 'install' }
13 verbose cache add [ 'jqcloud2', null ]
14 verbose cache add name=undefined spec="jqcloud2" args=["jqcloud2",null]
15 verbose parsed url { protocol: null,
15 verbose parsed url   slashes: null,
15 verbose parsed url   auth: null,
15 verbose parsed url   host: null,
15 verbose parsed url   port: null,
15 verbose parsed url   hostname: null,
15 verbose parsed url   hash: null,
15 verbose parsed url   search: null,
15 verbose parsed url   query: null,
15 verbose parsed url   pathname: 'jqcloud2',
15 verbose parsed url   path: 'jqcloud2',
15 verbose parsed url   href: 'jqcloud2' }
16 silly lockFile 206e3ce5-bower bower
17 verbose lock bower /home/ubuntu/.npm/206e3ce5-bower.lock
18 silly lockFile 206e3ce5-bower bower
19 verbose lock bower /home/ubuntu/.npm/206e3ce5-bower.lock
20 silly lockFile 89fb511f-install install
21 verbose lock install /home/ubuntu/.npm/89fb511f-install.lock
22 silly lockFile 60d31114-jqcloud2 jqcloud2
23 verbose lock jqcloud2 /home/ubuntu/.npm/60d31114-jqcloud2.lock
24 silly lockFile 206e3ce5-bower bower
25 silly lockFile 206e3ce5-bower bower
26 silly lockFile 89fb511f-install install
27 silly lockFile 89fb511f-install install
28 silly lockFile 60d31114-jqcloud2 jqcloud2
29 silly lockFile 60d31114-jqcloud2 jqcloud2
30 verbose addNamed [ 'bower', '' ]
31 verbose addNamed [ null, '*' ]
32 silly lockFile 1240aab1-bower bower@
33 verbose lock bower@ /home/ubuntu/.npm/1240aab1-bower.lock
34 verbose addNamed [ 'install', '' ]
35 verbose addNamed [ null, '*' ]
36 silly lockFile cadb329f-install install@
37 verbose lock install@ /home/ubuntu/.npm/cadb329f-install.lock
38 verbose addNamed [ 'jqcloud2', '' ]
39 verbose addNamed [ null, '*' ]
40 silly lockFile 6e269b84-jqcloud2 jqcloud2@
41 verbose lock jqcloud2@ /home/ubuntu/.npm/6e269b84-jqcloud2.lock
42 silly addNameRange { name: 'bower', range: '*', hasData: false }
43 silly addNameRange { name: 'install', range: '*', hasData: false }
44 silly addNameRange { name: 'jqcloud2', range: '*', hasData: false }
45 verbose url raw bower
46 verbose url resolving [ 'https://registry.npmjs.org/', './bower' ]
47 verbose url resolved https://registry.npmjs.org/bower
48 info trying registry request attempt 1 at 13:46:16
49 verbose etag "7QZXHJE3RLUDX6XJAR2271UTF"
50 http GET https://registry.npmjs.org/bower
51 verbose url raw install
52 verbose url resolving [ 'https://registry.npmjs.org/', './install' ]
53 verbose url resolved https://registry.npmjs.org/install
54 info trying registry request attempt 1 at 13:46:16
55 verbose etag "DRBN92ZYE508V8SWWY7L3Y1M"
56 http GET https://registry.npmjs.org/install
57 verbose url raw jqcloud2
58 verbose url resolving [ 'https://registry.npmjs.org/', './jqcloud2' ]
59 verbose url resolved https://registry.npmjs.org/jqcloud2
60 info trying registry request attempt 1 at 13:46:16
61 http GET https://registry.npmjs.org/jqcloud2
62 silly lockFile 206e3ce5-bower bower
63 silly lockFile 206e3ce5-bower bower
64 verbose addNamed [ 'bower', '' ]
65 http 304 https://registry.npmjs.org/install
66 silly registry.get cb [ 304,
66 silly registry.get   { date: 'Sun, 21 Feb 2016 13:46:15 GMT',
66 silly registry.get     via: '1.1 varnish',
66 silly registry.get     'cache-control': 'max-age=300',
66 silly registry.get     etag: '"DRBN92ZYE508V8SWWY7L3Y1M"',
66 silly registry.get     age: '225',
66 silly registry.get     connection: 'keep-alive',
66 silly registry.get     'x-served-by': 'cache-lax1432-LAX',
66 silly registry.get     'x-cache': 'HIT',
66 silly registry.get     'x-cache-hits': '2',
66 silly registry.get     'x-timer': 'S1456062375.973796,VS0,VE0',
66 silly registry.get     vary: 'Accept' } ]
67 verbose etag install from cache
68 silly addNameRange number 2 { name: 'install', range: '*', hasData: true }
69 silly addNameRange versions [ 'install',
69 silly addNameRange   [ '0.1.1',
69 silly addNameRange     '0.1.2',
69 silly addNameRange     '0.1.3',
69 silly addNameRange     '0.1.4',
69 silly addNameRange     '0.1.5',
69 silly addNameRange     '0.1.6',
69 silly addNameRange     '0.1.7',
69 silly addNameRange     '0.1.8',
69 silly addNameRange     '0.2.1',
69 silly addNameRange     '0.2.2',
69 silly addNameRange     '0.2.3',
69 silly addNameRange     '0.2.4',
69 silly addNameRange     '0.2.5',
69 silly addNameRange     '0.2.6',
69 silly addNameRange     '0.3.0',
69 silly addNameRange     '0.4.0',
69 silly addNameRange     '0.4.1',
69 silly addNameRange     '0.4.2',
69 silly addNameRange     '0.4.3',
69 silly addNameRange     '0.4.4' ] ]
70 verbose addNamed [ 'install', '0.4.4' ]
71 verbose addNamed [ '0.4.4', '0.4.4' ]
72 silly lockFile a636aa79-install-0-4-4 install@0.4.4
73 verbose lock install@0.4.4 /home/ubuntu/.npm/a636aa79-install-0-4-4.lock
74 silly lockFile a636aa79-install-0-4-4 install@0.4.4
75 silly lockFile a636aa79-install-0-4-4 install@0.4.4
76 silly lockFile cadb329f-install install@
77 silly lockFile cadb329f-install install@
78 http 404 https://registry.npmjs.org/jqcloud2
79 silly registry.get cb [ 404,
79 silly registry.get   { 'content-type': 'application/json',
79 silly registry.get     'cache-control': 'max-age=0',
79 silly registry.get     'content-length': '2',
79 silly registry.get     'accept-ranges': 'bytes',
79 silly registry.get     date: 'Sun, 21 Feb 2016 13:46:16 GMT',
79 silly registry.get     via: '1.1 varnish',
79 silly registry.get     age: '0',
79 silly registry.get     connection: 'keep-alive',
79 silly registry.get     'x-served-by': 'cache-lax1422-LAX',
79 silly registry.get     'x-cache': 'MISS',
79 silly registry.get     'x-cache-hits': '0',
79 silly registry.get     'x-timer': 'S1456062375.979802,VS0,VE179' } ]
80 silly addNameRange number 2 { name: 'jqcloud2', range: '*', hasData: true }
81 silly addNameRange versions [ undefined, [] ]
82 error TypeError: Cannot read property 'latest' of undefined
82 error     at next (/usr/share/npm/lib/cache.js:687:35)
82 error     at /usr/share/npm/lib/cache.js:675:5
82 error     at saved (/usr/share/npm/node_modules/npm-registry-client/lib/get.js:142:7)
82 error     at /usr/lib/nodejs/graceful-fs/polyfills.js:133:7
82 error     at Object.oncomplete (fs.js:107:15)
83 error If you need help, you may report this log at:
83 error     <http://github.com/isaacs/npm/issues>
83 error or email it to:
83 error     <npm-@googlegroups.com>
84 error System Linux 3.13.0-74-generic
85 error command "/usr/bin/nodejs" "/usr/bin/npm" "install" "-g" "bower" "bower" "install" "jqcloud2"
86 error cwd /var/www/whack/whack/static
87 error node -v v0.10.25
88 error npm -v 1.3.10
89 error type non_object_property_load
90 verbose exit [ 1, true ]
